# JRE version: Java(TM) SE Runtime Environment (8.0_31-b13) (build 1.8.0_31-b13)
# Java VM: Java HotSpot(TM) 64-Bit Server VM (25.31-b07 mixed mode bsd-amd64 compressed oops)
Heap:
 PSYoungGen      total 38400K, used 14484K [0x000000016ed80000, 0x0000000173880000, 0x0000000199800000)
  eden space 33280K, 28% used [0x000000016ed80000,0x000000016f6ac8e8,0x0000000170e00000)
  from space 5120K, 99% used [0x0000000171300000,0x00000001717f8a68,0x0000000171800000)
  to   space 5120K, 0% used [0x0000000170e00000,0x0000000170e00000,0x0000000171300000)
 ParOldGen       total 87552K, used 1192K [0x0000000119800000, 0x000000011ed80000, 0x000000016ed80000)
  object space 87552K, 1% used [0x0000000119800000,0x000000011992a2b0,0x000000011ed80000)
 Metaspace       used 12965K, capacity 13086K, committed 13184K, reserved 1060864K
  class space    used 1553K, capacity 1601K, committed 1664K, reserved 1048576K
GC Heap History (4 events):
Event: 0.515 GC heap before
{Heap before GC invocations=1 (full 0):
 PSYoungGen      total 38400K, used 33280K [0x000000016ed80000, 0x0000000171800000, 0x0000000199800000)
  eden space 33280K, 100% used [0x000000016ed80000,0x0000000170e00000,0x0000000170e00000)
  from space 5120K, 0% used [0x0000000171300000,0x0000000171300000,0x0000000171800000)
  to   space 5120K, 0% used [0x0000000170e00000,0x0000000170e00000,0x0000000171300000)
 ParOldGen       total 87552K, used 0K [0x0000000119800000, 0x000000011ed80000, 0x000000016ed80000)
  object space 87552K, 0% used [0x0000000119800000,0x0000000119800000,0x000000011ed80000)
 Metaspace       used 6538K, capacity 6684K, committed 6912K, reserved 1056768K
  class space    used 722K, capacity 756K, committed 768K, reserved 1048576K
Event: 0.519 GC heap after
Heap after GC invocations=1 (full 0):
 PSYoungGen      total 38400K, used 4861K [0x000000016ed80000, 0x0000000171800000, 0x0000000199800000)
  eden space 33280K, 0% used [0x000000016ed80000,0x000000016ed80000,0x0000000170e00000)
  from space 5120K, 94% used [0x0000000170e00000,0x00000001712bf4f8,0x0000000171300000)
  to   space 5120K, 0% used [0x0000000171300000,0x0000000171300000,0x0000000171800000)
 ParOldGen       total 87552K, used 8K [0x0000000119800000, 0x000000011ed80000, 0x000000016ed80000)
  object space 87552K, 0% used [0x0000000119800000,0x0000000119802000,0x000000011ed80000)
 Metaspace       used 6538K, capacity 6684K, committed 6912K, reserved 1056768K
  class space    used 722K, capacity 756K, committed 768K, reserved 1048576K
}
Event: 1.055 GC heap before
{Heap before GC invocations=2 (full 0):
 PSYoungGen      total 38400K, used 38141K [0x000000016ed80000, 0x0000000171800000, 0x0000000199800000)
  eden space 33280K, 100% used [0x000000016ed80000,0x0000000170e00000,0x0000000170e00000)
  from space 5120K, 94% used [0x0000000170e00000,0x00000001712bf4f8,0x0000000171300000)
  to   space 5120K, 0% used [0x0000000171300000,0x0000000171300000,0x0000000171800000)
 ParOldGen       total 87552K, used 8K [0x0000000119800000, 0x000000011ed80000, 0x000000016ed80000)
  object space 87552K, 0% used [0x0000000119800000,0x0000000119802000,0x000000011ed80000)
 Metaspace       used 11909K, capacity 12066K, committed 12288K, reserved 1060864K
  class space    used 1439K, capacity 1461K, committed 1536K, reserved 1048576K
Event: 1.063 GC heap after
Heap after GC invocations=2 (full 0):
 PSYoungGen      total 38400K, used 5090K [0x000000016ed80000, 0x0000000173880000, 0x0000000199800000)
  eden space 33280K, 0% used [0x000000016ed80000,0x000000016ed80000,0x0000000170e00000)
  from space 5120K, 99% used [0x0000000171300000,0x00000001717f8a68,0x0000000171800000)
  to   space 5120K, 0% used [0x0000000170e00000,0x0000000170e00000,0x0000000171300000)
 ParOldGen       total 87552K, used 1192K [0x0000000119800000, 0x000000011ed80000, 0x000000016ed80000)
  object space 87552K, 1% used [0x0000000119800000,0x000000011992a2b0,0x000000011ed80000)
 Metaspace       used 11909K, capacity 12066K, committed 12288K, reserved 1060864K
  class space    used 1439K, capacity 1461K, committed 1536K, reserved 1048576K
}

