# JRE version: Java(TM) SE Runtime Environment (8.0_31-b13) (build 1.8.0_31-b13)
# Java VM: Java HotSpot(TM) 64-Bit Server VM (25.31-b07 mixed mode bsd-amd64 compressed oops)
Heap:
 PSYoungGen      total 38400K, used 14964K [0x0000000171d80000, 0x0000000176880000, 0x000000019c800000)
  eden space 33280K, 29% used [0x0000000171d80000,0x0000000172720658,0x0000000173e00000)
  from space 5120K, 99% used [0x0000000174300000,0x00000001747fca78,0x0000000174800000)
  to   space 5120K, 0% used [0x0000000173e00000,0x0000000173e00000,0x0000000174300000)
 ParOldGen       total 87552K, used 1189K [0x000000011c800000, 0x0000000121d80000, 0x0000000171d80000)
  object space 87552K, 1% used [0x000000011c800000,0x000000011c929600,0x0000000121d80000)
 Metaspace       used 12974K, capacity 13146K, committed 13440K, reserved 1060864K
  class space    used 1552K, capacity 1599K, committed 1664K, reserved 1048576K
GC Heap History (4 events):
Event: 0.585 GC heap before
{Heap before GC invocations=1 (full 0):
 PSYoungGen      total 38400K, used 33280K [0x0000000171d80000, 0x0000000174800000, 0x000000019c800000)
  eden space 33280K, 100% used [0x0000000171d80000,0x0000000173e00000,0x0000000173e00000)
  from space 5120K, 0% used [0x0000000174300000,0x0000000174300000,0x0000000174800000)
  to   space 5120K, 0% used [0x0000000173e00000,0x0000000173e00000,0x0000000174300000)
 ParOldGen       total 87552K, used 0K [0x000000011c800000, 0x0000000121d80000, 0x0000000171d80000)
  object space 87552K, 0% used [0x000000011c800000,0x000000011c800000,0x0000000121d80000)
 Metaspace       used 6536K, capacity 6684K, committed 6912K, reserved 1056768K
  class space    used 722K, capacity 756K, committed 768K, reserved 1048576K
Event: 0.590 GC heap after
Heap after GC invocations=1 (full 0):
 PSYoungGen      total 38400K, used 4895K [0x0000000171d80000, 0x0000000174800000, 0x000000019c800000)
  eden space 33280K, 0% used [0x0000000171d80000,0x0000000171d80000,0x0000000173e00000)
  from space 5120K, 95% used [0x0000000173e00000,0x00000001742c7f30,0x0000000174300000)
  to   space 5120K, 0% used [0x0000000174300000,0x0000000174300000,0x0000000174800000)
 ParOldGen       total 87552K, used 8K [0x000000011c800000, 0x0000000121d80000, 0x0000000171d80000)
  object space 87552K, 0% used [0x000000011c800000,0x000000011c802000,0x0000000121d80000)
 Metaspace       used 6536K, capacity 6684K, committed 6912K, reserved 1056768K
  class space    used 722K, capacity 756K, committed 768K, reserved 1048576K
}
Event: 1.148 GC heap before
{Heap before GC invocations=2 (full 0):
 PSYoungGen      total 38400K, used 38175K [0x0000000171d80000, 0x0000000174800000, 0x000000019c800000)
  eden space 33280K, 100% used [0x0000000171d80000,0x0000000173e00000,0x0000000173e00000)
  from space 5120K, 95% used [0x0000000173e00000,0x00000001742c7f30,0x0000000174300000)
  to   space 5120K, 0% used [0x0000000174300000,0x0000000174300000,0x0000000174800000)
 ParOldGen       total 87552K, used 8K [0x000000011c800000, 0x0000000121d80000, 0x0000000171d80000)
  object space 87552K, 0% used [0x000000011c800000,0x000000011c802000,0x0000000121d80000)
 Metaspace       used 11918K, capacity 12002K, committed 12288K, reserved 1060864K
  class space    used 1439K, capacity 1461K, committed 1536K, reserved 1048576K
Event: 1.160 GC heap after
Heap after GC invocations=2 (full 0):
 PSYoungGen      total 38400K, used 5106K [0x0000000171d80000, 0x0000000176880000, 0x000000019c800000)
  eden space 33280K, 0% used [0x0000000171d80000,0x0000000171d80000,0x0000000173e00000)
  from space 5120K, 99% used [0x0000000174300000,0x00000001747fca78,0x0000000174800000)
  to   space 5120K, 0% used [0x0000000173e00000,0x0000000173e00000,0x0000000174300000)
 ParOldGen       total 87552K, used 1189K [0x000000011c800000, 0x0000000121d80000, 0x0000000171d80000)
  object space 87552K, 1% used [0x000000011c800000,0x000000011c929600,0x0000000121d80000)
 Metaspace       used 11918K, capacity 12002K, committed 12288K, reserved 1060864K
  class space    used 1439K, capacity 1461K, committed 1536K, reserved 1048576K
}

