# JRE version: Java(TM) SE Runtime Environment (8.0_31-b13) (build 1.8.0_31-b13)
# Java VM: Java HotSpot(TM) 64-Bit Server VM (25.31-b07 mixed mode bsd-amd64 compressed oops)
Heap:
 PSYoungGen      total 272896K, used 49691K [0x000000013c900000, 0x0000000151e00000, 0x0000000151e00000)
  eden space 262144K, 18% used [0x000000013c900000,0x000000013f986d40,0x000000014c900000)
  from space 10752K, 0% used [0x000000014c900000,0x000000014c900000,0x000000014d380000)
  to   space 22528K, 0% used [0x0000000150800000,0x0000000150800000,0x0000000151e00000)
 ParOldGen       total 175104K, used 16033K [0x0000000111e00000, 0x000000011c900000, 0x000000013c900000)
  object space 175104K, 9% used [0x0000000111e00000,0x0000000112da8730,0x000000011c900000)
 Metaspace       used 26097K, capacity 27693K, committed 27904K, reserved 1073152K
  class space    used 3008K, capacity 3555K, committed 3584K, reserved 1048576K
GC Heap History (10 events):
Event: 1.148 GC heap before
{Heap before GC invocations=2 (full 0):
 PSYoungGen      total 76288K, used 76264K [0x000000013c900000, 0x0000000145e00000, 0x0000000151e00000)
  eden space 65536K, 100% used [0x000000013c900000,0x0000000140900000,0x0000000140900000)
  from space 10752K, 99% used [0x0000000140900000,0x000000014137a010,0x0000000141380000)
  to   space 10752K, 0% used [0x0000000145380000,0x0000000145380000,0x0000000145e00000)
 ParOldGen       total 175104K, used 530K [0x0000000111e00000, 0x000000011c900000, 0x000000013c900000)
  object space 175104K, 0% used [0x0000000111e00000,0x0000000111e84bd8,0x000000011c900000)
 Metaspace       used 8877K, capacity 8978K, committed 9216K, reserved 1056768K
  class space    used 905K, capacity 928K, committed 1024K, reserved 1048576K
Event: 1.161 GC heap after
Heap after GC invocations=2 (full 0):
 PSYoungGen      total 141824K, used 9692K [0x000000013c900000, 0x0000000145e00000, 0x0000000151e00000)
  eden space 131072K, 0% used [0x000000013c900000,0x000000013c900000,0x0000000144900000)
  from space 10752K, 90% used [0x0000000145380000,0x0000000145cf72f8,0x0000000145e00000)
  to   space 10752K, 0% used [0x0000000144900000,0x0000000144900000,0x0000000145380000)
 ParOldGen       total 175104K, used 538K [0x0000000111e00000, 0x000000011c900000, 0x000000013c900000)
  object space 175104K, 0% used [0x0000000111e00000,0x0000000111e86bd8,0x000000011c900000)
 Metaspace       used 8877K, capacity 8978K, committed 9216K, reserved 1056768K
  class space    used 905K, capacity 928K, committed 1024K, reserved 1048576K
}
Event: 2.038 GC heap before
{Heap before GC invocations=3 (full 0):
 PSYoungGen      total 141824K, used 140722K [0x000000013c900000, 0x0000000145e00000, 0x0000000151e00000)
  eden space 131072K, 99% used [0x000000013c900000,0x00000001448f5728,0x0000000144900000)
  from space 10752K, 90% used [0x0000000145380000,0x0000000145cf72f8,0x0000000145e00000)
  to   space 10752K, 0% used [0x0000000144900000,0x0000000144900000,0x0000000145380000)
 ParOldGen       total 175104K, used 538K [0x0000000111e00000, 0x000000011c900000, 0x000000013c900000)
  object space 175104K, 0% used [0x0000000111e00000,0x0000000111e86bd8,0x000000011c900000)
 Metaspace       used 12367K, capacity 12972K, committed 13312K, reserved 1060864K
  class space    used 1232K, capacity 1410K, committed 1536K, reserved 1048576K
Event: 2.053 GC heap after
Heap after GC invocations=3 (full 0):
 PSYoungGen      total 141824K, used 10748K [0x000000013c900000, 0x000000014de00000, 0x0000000151e00000)
  eden space 131072K, 0% used [0x000000013c900000,0x000000013c900000,0x0000000144900000)
  from space 10752K, 99% used [0x0000000144900000,0x000000014537f2b0,0x0000000145380000)
  to   space 10752K, 0% used [0x000000014d380000,0x000000014d380000,0x000000014de00000)
 ParOldGen       total 175104K, used 8680K [0x0000000111e00000, 0x000000011c900000, 0x000000013c900000)
  object space 175104K, 4% used [0x0000000111e00000,0x000000011267a3c8,0x000000011c900000)
 Metaspace       used 12367K, capacity 12972K, committed 13312K, reserved 1060864K
  class space    used 1232K, capacity 1410K, committed 1536K, reserved 1048576K
}
Event: 2.335 GC heap before
{Heap before GC invocations=4 (full 0):
 PSYoungGen      total 141824K, used 141820K [0x000000013c900000, 0x000000014de00000, 0x0000000151e00000)
  eden space 131072K, 100% used [0x000000013c900000,0x0000000144900000,0x0000000144900000)
  from space 10752K, 99% used [0x0000000144900000,0x000000014537f2b0,0x0000000145380000)
  to   space 10752K, 0% used [0x000000014d380000,0x000000014d380000,0x000000014de00000)
 ParOldGen       total 175104K, used 8680K [0x0000000111e00000, 0x000000011c900000, 0x000000013c900000)
  object space 175104K, 4% used [0x0000000111e00000,0x000000011267a3c8,0x000000011c900000)
 Metaspace       used 12379K, capacity 12972K, committed 13312K, reserved 1060864K
  class space    used 1233K, capacity 1410K, committed 1536K, reserved 1048576K
Event: 2.349 GC heap after
Heap after GC invocations=4 (full 0):
 PSYoungGen      total 272896K, used 10733K [0x000000013c900000, 0x000000014de00000, 0x0000000151e00000)
  eden space 262144K, 0% used [0x000000013c900000,0x000000013c900000,0x000000014c900000)
  from space 10752K, 99% used [0x000000014d380000,0x000000014ddfb5f8,0x000000014de00000)
  to   space 10752K, 0% used [0x000000014c900000,0x000000014c900000,0x000000014d380000)
 ParOldGen       total 175104K, used 17264K [0x0000000111e00000, 0x000000011c900000, 0x000000013c900000)
  object space 175104K, 9% used [0x0000000111e00000,0x0000000112edc0a8,0x000000011c900000)
 Metaspace       used 12379K, capacity 12972K, committed 13312K, reserved 1060864K
  class space    used 1233K, capacity 1410K, committed 1536K, reserved 1048576K
}
Event: 2.884 GC heap before
{Heap before GC invocations=5 (full 0):
 PSYoungGen      total 272896K, used 47684K [0x000000013c900000, 0x000000014de00000, 0x0000000151e00000)
  eden space 262144K, 14% used [0x000000013c900000,0x000000013ed15e00,0x000000014c900000)
  from space 10752K, 99% used [0x000000014d380000,0x000000014ddfb5f8,0x000000014de00000)
  to   space 10752K, 0% used [0x000000014c900000,0x000000014c900000,0x000000014d380000)
 ParOldGen       total 175104K, used 17264K [0x0000000111e00000, 0x000000011c900000, 0x000000013c900000)
  object space 175104K, 9% used [0x0000000111e00000,0x0000000112edc0a8,0x000000011c900000)
 Metaspace       used 19659K, capacity 21138K, committed 21296K, reserved 1069056K
  class space    used 2187K, capacity 2623K, committed 2688K, reserved 1048576K
Event: 2.902 GC heap after
Heap after GC invocations=5 (full 0):
 PSYoungGen      total 272896K, used 10722K [0x000000013c900000, 0x0000000151e00000, 0x0000000151e00000)
  eden space 262144K, 0% used [0x000000013c900000,0x000000013c900000,0x000000014c900000)
  from space 10752K, 99% used [0x000000014c900000,0x000000014d378868,0x000000014d380000)
  to   space 22528K, 0% used [0x0000000150800000,0x0000000150800000,0x0000000151e00000)
 ParOldGen       total 175104K, used 22910K [0x0000000111e00000, 0x000000011c900000, 0x000000013c900000)
  object space 175104K, 13% used [0x0000000111e00000,0x000000011345f968,0x000000011c900000)
 Metaspace       used 19659K, capacity 21138K, committed 21296K, reserved 1069056K
  class space    used 2187K, capacity 2623K, committed 2688K, reserved 1048576K
}
Event: 2.902 GC heap before
{Heap before GC invocations=6 (full 1):
 PSYoungGen      total 272896K, used 10722K [0x000000013c900000, 0x0000000151e00000, 0x0000000151e00000)
  eden space 262144K, 0% used [0x000000013c900000,0x000000013c900000,0x000000014c900000)
  from space 10752K, 99% used [0x000000014c900000,0x000000014d378868,0x000000014d380000)
  to   space 22528K, 0% used [0x0000000150800000,0x0000000150800000,0x0000000151e00000)
 ParOldGen       total 175104K, used 22910K [0x0000000111e00000, 0x000000011c900000, 0x000000013c900000)
  object space 175104K, 13% used [0x0000000111e00000,0x000000011345f968,0x000000011c900000)
 Metaspace       used 19659K, capacity 21138K, committed 21296K, reserved 1069056K
  class space    used 2187K, capacity 2623K, committed 2688K, reserved 1048576K
Event: 2.958 GC heap after
Heap after GC invocations=6 (full 1):
 PSYoungGen      total 272896K, used 0K [0x000000013c900000, 0x0000000151e00000, 0x0000000151e00000)
  eden space 262144K, 0% used [0x000000013c900000,0x000000013c900000,0x000000014c900000)
  from space 10752K, 0% used [0x000000014c900000,0x000000014c900000,0x000000014d380000)
  to   space 22528K, 0% used [0x0000000150800000,0x0000000150800000,0x0000000151e00000)
 ParOldGen       total 175104K, used 16033K [0x0000000111e00000, 0x000000011c900000, 0x000000013c900000)
  object space 175104K, 9% used [0x0000000111e00000,0x0000000112da8730,0x000000011c900000)
 Metaspace       used 19659K, capacity 21138K, committed 21296K, reserved 1069056K
  class space    used 2187K, capacity 2623K, committed 2688K, reserved 1048576K
}

